GGC 28 07.18  15 38.20  538 1
GGC *    18
TBT 28 40.76  17 54.87  208 1
TBT *    18
CADE28 09.63  16 44.56  794 1
CADE*    18
CALD28 35.94  17 49.72 1564 1
CALD*    18
CARI28 11.20  16 30.29  703 1
CARI*    18
CBLA29 02.03  13 42.19  268 1
CBLA*    18
CBOL28 18.86  16 49.83 1160 1
CBOL*    18
CBRE28 37.65  17 47.48  575 1
CBRE*    18
CCAL27 42.76  18 08.81  113 1
CCAL*    18
CCAN28 13.29  16 36.30 2210 1
CCAN*    18
CCHO28 13.51  16 40.42 2064 1
CCHO*    18
CCUM27 44.75  18 01.80  477 1
CCUM*    18
CDIE28 17.10  16 33.55 2103 1
CDIE*    18
CDLV29 09.67  13 26.32   58 1
CDLV*    18
CDOS28 17.64  16 44.35 1626 1
CDOS*    18
CENR28 37.54  17 50.75 1212 1
CENR*    18
CFOR28 18.84  16 35.59 2110 1
CFOR*    18
CFTV28 24.82  14 04.99  526 1
CFTV*    18
CFUE28 38.80  13 56.15  164 1
CFUE*    18
CGAR28 20.51  16 45.75  896 1
CGAR*    18
CGIN28 12.36  14 04.98   86 1
CGIN*    18
CGOR28 46.72  17 59.69  486 1
CGOR*    18
CGRA28 06.09  16 32.07  276 1
CGRA*    18
CGUI28 19.33  16 26.54  853 1
CGUI*    18
CINF28 07.64  16 43.45  414 1
CINF*    18
CJED28 34.75  17 52.21  874 1
CJED*    18
CJUL27 43.77  18 04.93 1274 1
CJUL*    18
CLAJ28 09.34  16 40.50 1405 1
CLAJ*    18
CLGU28 21.86  16 38.79  666 1
CLGU*    18
CLUM27 49.09  15 39.01  435 1
CLUM*    18
CMCL27 42.78  18 01.19 1104 1
CMCL*    18
CMIR28 41.85  17 51.72 1355 1
CMIR*    18
CNAO27 38.81  17 59.29  116 1
CNAO*    18
CNOR28 18.80  16 39.58 1526 1
CNOR*    18
CPIT28 24.10  16 23.51 1159 1
CPIT*    18
CPUN28 44.08  17 45.33  577 1
CPUN*    18
CPVI28 15.71  16 39.65 3104 1
CPVI*    18
CRAJ28 15.89  16 35.81 2474 1
CRAJ*    18
CREA28 21.17  16 34.84  930 1
CREA*    18
CROM28 45.33  17 53.70 2268 1
CROM*    18
CTAB27 44.96  18 05.14  156 1
CTAB*    18
CTAC27 40.48  18 01.22  167 1
CTAC*    18
CTAN27 45.26  18 03.25  184 1
CTAN*    18
CTEN28 28.93  17 50.21  453 1
CTEN*    18
CTFS28 05.08  16 37.98  525 1
CTFS*    18
CTIG27 47.32  17 55.33  489 1
CTIG*    18
CTIM28 59.90  13 44.98  360 1
CTIM*    18
CVIL28 09.55  16 38.54 1488 1
CVIL*    18
EBAJ28 32.39  16 20.60  239 1
EBAJ*    18
ECIB39 38.08  5 24.00   10 1
ECIB*    18
EFAM29 07.65  13 31.77  135 1
EFAM*    18
EGOM28 09.56  17 12.57  782 1
EGOM*    18
EHIG28 33.40  17 48.37  845 1
EHIG*    18
EOSO28 04.30  15 33.15  760 1
EOSO*    18
GUIA28 14.84  16 43.26 1821 1
GUIA*    18
MACI28 15.01  16 30.49 1591 1
MACI*    18
PSIM42 09.56  1 12.57   10 1
PSIM*    18
