AAAA28 44.75  17  1.81  471
AAAA*    18
CCUM27 44.75  18  1.81  471                                                    n
CCUM*    18
CCUM27 44.75  18  1.81  471                                                    e
CCUM*    18
CCUM27 44.75  18  1.81  471                                                    z
CCUM*    18
CFAR27 43.61  18  8.41  484
CFAR*    18
CHIE27 43.62  17 57.64  170                                                    z
CHIE*    18
CJUL27 43.78  18  4.94 1271
CJUL*    18
CJUL27 43.78  18  4.94 1271                                                    n
CJUL*    18
CJUL27 43.78  18  4.94 1271                                                    e
CJUL*    18
CMCL27 42.76  18  1.19 1108
CMCL*    18
CORC27 42.24  18  8.51   90                                                    n
CORC*    18
CORC27 42.24  18  8.51   90                                                    e
CORC*    18
CORC27 42.24  18  8.51   90                                                    z
CORC*    18
CRST27 38.53  17 58.75   29
CRST*    18
CRST27 38.53  17 58.75   29                                                    n
CRST*    18
CRST27 38.53  17 58.75   29                                                    e
CRST*    18
CTAB27 44.98  18  5.10  141
CTAB*    18
CTAB27 44.98  18  5.10  141                                                    n
CTAB*    18
CTAB27 44.98  18  5.10  141                                                    e
CTAB*    18
CTAM27 50.24  17 57.20   90                                                    n
CTAM*    18
CTAM27 50.24  17 57.20   90
CTAM*    18
CTAM27 50.24  17 57.20   90                                                    e
CTAM*    18
CTAN27 45.26  18  3.26  185                                                    n
CTAN*    18
CTAN27 45.26  18  3.26  185                                                    e
CTAN*    18
CTAN27 45.26  18  3.26  185
CTAN*    18
CTIG27 47.29  17 55.33  530                                                    n
CTIG*    18
CTIG27 47.29  17 55.33  530                                                    e
CTIG*    18
CTIG27 47.29  17 55.33  530
CTIG*    18
