 *** Hypoellipse: Unix/Non-Xpick/Y2K version 3.9 9/8/2003  ***
  Configured for up to 1024 stations in station list
  and up to 1501 records per earthquake.
  Run on 21/04/23 at 02:37
 jump headopts.prm                                                                                             
 arrival-time record blank source fields will be assumed to be source "d"


                                          regional network processing parameters               
 select delays based on closest station.
 global minimum search turned on
 compress printed output.  code =  0

 ignore sum code =     0
 (ignore starting locations on summary records)
 do not scan for missing stations.  code =   1
 subroutine input1 found end of file on unit    12
 jump headopts.vol                                                                                             


                                      volcano network processing                               
 subroutine input1 found end of file on unit    12
 jump canary.prm                                                                                               
 subroutine input1 found end of file on unit    12
 list of stations available for these solutions
                                      volcano network processing                               
 begin station list +1 19960101                                                  
 station list code =    1
 set up for events starting on 19960101
 name latitude  longitude  elev p thickness p p  pdy1 sdy1  pdy2 sdy2  pdy3 sdy3  pdy4 sdy4  pdy5 sdy5     calr xmgc mgwt fmgc wt 
 * continuation  record *      thk 1   2  mod dly                                                      sys                     ps
  polarity stawt teldy code altdy cnyrmody hr
 aaaaz 28  44.75  17   1.81  471 1 0.000.00  1 1  0.00 0.00  0.00 0.00  0.00 0.00  0.00 0.00  0.00 0.00 18  0.00 0.00 1 1 1.00 1010
 *           1.0  0.00       0.00 99999999 99
 ccumn 27  44.75  18   1.81  471 1 0.000.00  1 1  0.00 0.00  0.00 0.00  0.00 0.00  0.00 0.00  0.00 0.00 18  0.00 0.00 1 1 1.00 1010
 *           1.0  0.00       0.00 99999999 99
 ccume 27  44.75  18   1.81  471 1 0.000.00  1 1  0.00 0.00  0.00 0.00  0.00 0.00  0.00 0.00  0.00 0.00 18  0.00 0.00 1 1 1.00 1010
 *           1.0  0.00       0.00 99999999 99
 ccumz 27  44.75  18   1.81  471 1 0.000.00  1 1  0.00 0.00  0.00 0.00  0.00 0.00  0.00 0.00  0.00 0.00 18  0.00 0.00 1 1 1.00 1010
 *           1.0  0.00       0.00 99999999 99
 cfarz 27  43.61  18   8.41  484 1 0.000.00  1 1  0.00 0.00  0.00 0.00  0.00 0.00  0.00 0.00  0.00 0.00 18  0.00 0.00 1 1 1.00 1010
 *           1.0  0.00       0.00 99999999 99
 chiez 27  43.62  17  57.64  170 1 0.000.00  1 1  0.00 0.00  0.00 0.00  0.00 0.00  0.00 0.00  0.00 0.00 18  0.00 0.00 1 1 1.00 1010
 *           1.0  0.00       0.00 99999999 99
 cjulz 27  43.78  18   4.94 1271 1 0.000.00  1 1  0.00 0.00  0.00 0.00  0.00 0.00  0.00 0.00  0.00 0.00 18  0.00 0.00 1 1 1.00 1010
 *           1.0  0.00       0.00 99999999 99
 cjuln 27  43.78  18   4.94 1271 1 0.000.00  1 1  0.00 0.00  0.00 0.00  0.00 0.00  0.00 0.00  0.00 0.00 18  0.00 0.00 1 1 1.00 1010
 *           1.0  0.00       0.00 99999999 99
 cjule 27  43.78  18   4.94 1271 1 0.000.00  1 1  0.00 0.00  0.00 0.00  0.00 0.00  0.00 0.00  0.00 0.00 18  0.00 0.00 1 1 1.00 1010
 *           1.0  0.00       0.00 99999999 99
 cmclz 27  42.76  18   1.19 1108 1 0.000.00  1 1  0.00 0.00  0.00 0.00  0.00 0.00  0.00 0.00  0.00 0.00 18  0.00 0.00 1 1 1.00 1010
 *           1.0  0.00       0.00 99999999 99
 corcn 27  42.24  18   8.51   90 1 0.000.00  1 1  0.00 0.00  0.00 0.00  0.00 0.00  0.00 0.00  0.00 0.00 18  0.00 0.00 1 1 1.00 1010
 *           1.0  0.00       0.00 99999999 99
 corce 27  42.24  18   8.51   90 1 0.000.00  1 1  0.00 0.00  0.00 0.00  0.00 0.00  0.00 0.00  0.00 0.00 18  0.00 0.00 1 1 1.00 1010
 *           1.0  0.00       0.00 99999999 99
 corcz 27  42.24  18   8.51   90 1 0.000.00  1 1  0.00 0.00  0.00 0.00  0.00 0.00  0.00 0.00  0.00 0.00 18  0.00 0.00 1 1 1.00 1010
 *           1.0  0.00       0.00 99999999 99
 crstz 27  38.53  17  58.75   29 1 0.000.00  1 1  0.00 0.00  0.00 0.00  0.00 0.00  0.00 0.00  0.00 0.00 18  0.00 0.00 1 1 1.00 1010
 *           1.0  0.00       0.00 99999999 99
 crstn 27  38.53  17  58.75   29 1 0.000.00  1 1  0.00 0.00  0.00 0.00  0.00 0.00  0.00 0.00  0.00 0.00 18  0.00 0.00 1 1 1.00 1010
 *           1.0  0.00       0.00 99999999 99
 crste 27  38.53  17  58.75   29 1 0.000.00  1 1  0.00 0.00  0.00 0.00  0.00 0.00  0.00 0.00  0.00 0.00 18  0.00 0.00 1 1 1.00 1010
 *           1.0  0.00       0.00 99999999 99
 ctabz 27  44.98  18   5.10  141 1 0.000.00  1 1  0.00 0.00  0.00 0.00  0.00 0.00  0.00 0.00  0.00 0.00 18  0.00 0.00 1 1 1.00 1010
 *           1.0  0.00       0.00 99999999 99
 ctabn 27  44.98  18   5.10  141 1 0.000.00  1 1  0.00 0.00  0.00 0.00  0.00 0.00  0.00 0.00  0.00 0.00 18  0.00 0.00 1 1 1.00 1010
 *           1.0  0.00       0.00 99999999 99
 ctabe 27  44.98  18   5.10  141 1 0.000.00  1 1  0.00 0.00  0.00 0.00  0.00 0.00  0.00 0.00  0.00 0.00 18  0.00 0.00 1 1 1.00 1010
 *           1.0  0.00       0.00 99999999 99
 ctamn 27  50.24  17  57.20   90 1 0.000.00  1 1  0.00 0.00  0.00 0.00  0.00 0.00  0.00 0.00  0.00 0.00 18  0.00 0.00 1 1 1.00 1010
 *           1.0  0.00       0.00 99999999 99
 ctamz 27  50.24  17  57.20   90 1 0.000.00  1 1  0.00 0.00  0.00 0.00  0.00 0.00  0.00 0.00  0.00 0.00 18  0.00 0.00 1 1 1.00 1010
 *           1.0  0.00       0.00 99999999 99
 ctame 27  50.24  17  57.20   90 1 0.000.00  1 1  0.00 0.00  0.00 0.00  0.00 0.00  0.00 0.00  0.00 0.00 18  0.00 0.00 1 1 1.00 1010
 *           1.0  0.00       0.00 99999999 99
 ctann 27  45.26  18   3.26  185 1 0.000.00  1 1  0.00 0.00  0.00 0.00  0.00 0.00  0.00 0.00  0.00 0.00 18  0.00 0.00 1 1 1.00 1010
 *           1.0  0.00       0.00 99999999 99
 ctane 27  45.26  18   3.26  185 1 0.000.00  1 1  0.00 0.00  0.00 0.00  0.00 0.00  0.00 0.00  0.00 0.00 18  0.00 0.00 1 1 1.00 1010
 *           1.0  0.00       0.00 99999999 99
 ctanz 27  45.26  18   3.26  185 1 0.000.00  1 1  0.00 0.00  0.00 0.00  0.00 0.00  0.00 0.00  0.00 0.00 18  0.00 0.00 1 1 1.00 1010
 *           1.0  0.00       0.00 99999999 99
 ctign 27  47.29  17  55.33  530 1 0.000.00  1 1  0.00 0.00  0.00 0.00  0.00 0.00  0.00 0.00  0.00 0.00 18  0.00 0.00 1 1 1.00 1010
 *           1.0  0.00       0.00 99999999 99
 ctige 27  47.29  17  55.33  530 1 0.000.00  1 1  0.00 0.00  0.00 0.00  0.00 0.00  0.00 0.00  0.00 0.00 18  0.00 0.00 1 1 1.00 1010
 *           1.0  0.00       0.00 99999999 99
 ctigz 27  47.29  17  55.33  530 1 0.000.00  1 1  0.00 0.00  0.00 0.00  0.00 0.00  0.00 0.00  0.00 0.00 18  0.00 0.00 1 1 1.00 1010
 *           1.0  0.00       0.00 99999999 99
                                       volcano network processing                               

       test variables              description
     standard  reset to
  1    1.7800    1.7800    ratio of p-wave velocity to s-wave velocity.
  2    5.0000    0.0000****lt 0 no elev cor/ =0 use 1st vel/ gt 0 use this.
  3    0.0000    0.0000    first trial latitude in degrees.
  4    0.0000    0.0000    first trial longitude in degrees.
  5  -99.0000    5.0000****first trial depth in kilometers, unless = -99.
  6    0.0000   -1.0000****sphere rad for aux rms values. if neg cont iteration at most neg point.
  7   10.0000    3.0000****minimum number of first motions required to plot.
  8    0.0000    0.0000****elevation of top of layered models (km).
  9    0.0000    1.0000****if 0 allow neg depths in summary and archive files.
 10   50.0000    5.0000****apply distance weighting on this iteration.
 11   50.0000   30.0000****xnear = greatest distance with weight of 1.0
 12  100.0000  200.0000****xfar = least distnace with weight of 0.0
 13   50.0000   50.0000    apply azimuthal weighting on this iteration.
 14   50.0000   10.0000****weight out large residuals on this iteration.
 15   10.0000    2.0000****give zero weight to residuals gt this.
 16   50.0000   50.0000    apply boxcar weighting on this iteration.
 17    2.0000    2.0000    give zero weight to residuals gt this*stand. dev.
 18   50.0000   50.0000    begin jeffreys weighting on this iteration.
 19    0.0500    0.0500    use jeffreys weighting only if rms gt this.
 20    0.0500    0.0500    mu of jeffreys weighting funct.
 21    9.0000   15.0000****maximum number of iterations.
 22   35.0000    3.0000****limit change in focal depth to this amount (km).
 23    0.7000    0.7000    if delz would make z neg, set delz = -this*z (km).
 24   35.0000   35.0000    limit change in epicenter to this. (km).
 25   40.0000  150.0000****fix depth if epicentral change gt this. (km).
 26    0.0025    0.0000****stop iterating if square of adjustment lt this.
 27   20.0000    4.0000****global opt: if deep solution z > this, continue with z 1/2 way to surface.
 28    0.0000   -1.0000****for fixed hypo on plane, set = plunge azimuth.  if neg. continue as free sol.
 29   -0.1000   -0.0700****set std err of res=+this if degrees of freedom =0 or =-this if this lt 0.
 30    0.0000    0.0000    dip of plunge vector for epi. fixed on plane.  see test(28) & (47) also.
 31   -1.1500   -1.1500    duration magnitude c1, constant.
 32    2.0000    2.0000    duration magnitude c2, *log((f - p)*fmgc).
 33    0.0000    0.0000    duration magnitude c3, *delta.
 34    0.0000    0.0000    if not 0, scale the normal equations.
 35    0.0010    0.0001****minimum damping of normal equations.  
 36  100.0000  100.0000    maximum first trial depth if computed from p-arrival times.
 37    3.0000    5.0000****if termination occurs before this iteration, set iteration number to this and continue.
 38    0.0000    2.0000****if this =1, run all with and then without s/ =2,run with s/ =3, run without s/ =4, fix hypo
                              / neg, use s to fix origin.
 39    1.0000    1.0000****multiply the s and s-p weights by this factor.
 40    0.0070    0.0070    duration magnitude c4, *depth.
 41    0.0000    0.0000    if this =1, print opt. ge 1, & summary opt. =+ or -1, then write sum. record each itteration.
 42   75.0000   15.0000****global opt: deep starting z wrt top of model.
 43    0.0000    0.0000    duration magnitude c5, *(log((f - p)*fmgc)**2).
 44    0.0000    1.0000****if =1 rerun debug eqs with critical sta/ =2 continue iter with crit sta.
 45    0.1379    0.1061****x scale factor for focal mechanism plot.
 46    0.0000    0.0000****xfar set ge dist of test(46)th station + 10.  if lt 0 then fill gap.
 47    0.0000    0.0000    weight for fix on plane.  see test(28) and (30).
 48    6.5000    5.0000****half-space velocity for first trial location.
 49    0.0000    0.0000****if .ne. 0 calculate vp/vs ratio; if abs val >1 make wadati plot; if neg, use wadati origin in solution.
 50    0.0000    0.0000    for exploring rms space, compute this number of fixed depth solutions (up to 22).

 51 1000.0000 1000.0000    for epicentral distance beyond this, use first travel-time table.
 52 2800.0000 2800.0000    Wood Anderson static magnification assumed for local magnitude determination.
 53    1.0000    0.0000****if .eq. 1 stations with 4-letter codes ending e or n treated as horizontals.
 54  200.0000  100.0000****if 1st computed trial location > this (km) from closest station, start at closest station.
 55   19.0000   20.0000****assumed century for events without summary record.

 weight option - relative standard errors for code:   0      1      2      3
                                                     1.000  2.000  4.000  8.000

 printer option    1   summary option     2      magnitude option    4      tabulation option  4

 no event output  -2
 one line/eq      -1
 final solution    0   no sum records     0      use xmag            0      no summary        0
 one line per iter 1   summary records    1      use fmag            1      a                 1
 sta res each iter 2   sum + archive file 2      use (xmag+fmag)/2   2      a + b             2
 regres each iter  3   archive file       3      prefer fmag /xmag   3      a,b + c           3
                       "corrected" input  4      prefer xmag /fmag   4      a,b,c + d         4
                                                 if neg use fms not fmp     positive/q from std errors
                                                                            negative/q from sol+sta
 u of a cal data file:  caldata.prm                                       
 make compensating change in layer below variable layer.


       velocity model  1
   layer  velocity     depth   thickness    vpvs  
           km/sec       km        km

     1       4.200     0.000     4.000     1.780
     2       6.300     4.000     8.000     1.780
     3       7.500    12.000     6.000     1.780
     4       8.000    18.000     2.000     1.780
     5       8.000    20.000     2.000     1.780
     6       8.000    22.000  1000.000     1.780
 jump to values_bulletin.pha                               
                                              ----------------------------------------------------------------
                                              ----------------------------------------------------------------
                                              ----------------------------------------------------------------
 11/10/10    16:29        volcano network processing                               
 compute starting parameters from the first   8 p-arrival times.

                                                                                    ( adjustments )(adjst.  taken)
  i  lat long depth    rms   prms    damp     no   phi  --------eigenvalues--------- dlat dlon   dz dlat dlon   dz
      27   18
  1 44.8  1.8   0.0* 1.1257 1.0785 .10E-03    11   7.0 .1039E+01 .3739E+00 .1000E-03 1.55 -.58 0.00 1.55 -.58 0.00                  
  2 45.6  1.5   0.0* 1.0525 1.0415 .10E-03    11   7.0 .9518E+00 .2217E+00 .1000E-03 .889 -.21 0.00 .889 -.21 0.00                  
  3 46.1  1.3   0.0* 1.0378 1.0336 .10E-03    11   7.0 .8818E+00 .1788E+00 .1000E-03 .691 .197 0.00 .691 .197 0.00                  
  4 46.4  1.4   0.0* 1.0288 1.0225 .10E-03    11   7.0 .8224E+00 .1547E+00 .1000E-03 .844 .320 0.00 .844 .320 0.00                  
 apply distance weighting
      27   18
  5 46.9  1.6   0.0* 1.0156 1.0066 .10E-03    11   7.0 .7477E+00 .1304E+00 .1000E-03 1.07 .451 0.00 1.07 .451 0.00                  
  6 47.5  1.9   0.0* .99748 .98605 .10E-03    11   7.0 .6545E+00 .1078E+00 .1000E-03 1.28 .604 0.00 1.28 .604 0.00                  
  7 48.2  2.3   0.0* .97592 .96499 .10E-03    11   7.0 .5530E+00 .8996E-01 .1000E-03 1.32 .697 0.00 1.32 .697 0.00                  
  8 48.9  2.7   0.0* .95694 .95010 .10E-03    11   7.0 .4629E+00 .7883E-01 .1000E-03 1.06 .630 0.00 1.06 .630 0.00                  
  9 49.5  3.1   0.0* .94606 .94343 .10E-03    11   7.0 .4003E+00 .7344E-01 .1000E-03 .655 .429 0.00 .655 .429 0.00                  
 apply truncation weighting
 10 49.8  3.4   0.0* .94214 .94146 .10E-03    11   7.0 .3658E+00 .7123E-01 .1000E-03 .329 .229 0.00 .329 .229 0.00                  
 11 50.0  3.5   0.0* .94116 .94102 .10E-03    11   7.0 .3496E+00 .7036E-01 .1000E-03 .148 .105 0.00 .148 .105 0.00                  
 12 50.1  3.6   0.0* .94099 .94096 .10E-03    11   7.0 .3426E+00 .7002E-01 .1000E-03 .062 .045 0.00 .062 .045 0.00                  
 13 50.1  3.6   0.0* .94094 .94093 .10E-03    11   7.0 .3397E+00 .6988E-01 .1000E-03 .026 .019 0.00 .026 .019 0.00                  
 14 50.1  3.6   0.0* .94094 .94094 .10E-03    11   7.0 .3385E+00 .6983E-01 .1000E-03 .011 .008 0.00 .011 .008 0.00                  
 15 50.1  3.6   0.0* .94093 .94093 .10E-03    11   7.0 .3380E+00 .6981E-01 .1000E-03 .004 .003 0.00 .004 .003 0.00                  

                                                                                    ( adjustments )(adjst.  taken)
  i  lat long depth    rms   prms    damp     no   phi  --------eigenvalues--------- dlat dlon   dz dlat dlon   dz
      27   18
  1 44.8  1.8  15.0* .49370 .34997 .10E-03    11   7.0 .1007E+00 .1312E-01 .1000E-03 -8.9 .091 0.00 -8.9 .091 0.00                  
  2 39.9  1.9  15.0* .38091 .37497 .10E-03    11   7.0 .8069E-01 .1456E-01 .1000E-03 1.83 .228 0.00 1.83 .228 0.00                  
  3 40.9  2.0  15.0* .37857 .37831 .10E-03    11   7.0 .8726E-01 .1419E-01 .1000E-03 -.33 .045 0.00 -.33 .045 0.00                  
  4 40.8  2.0  15.0* .37887 0.0000 .10E-01    11   7.0 .8726E-01 .1419E-01 .1000E-03                .331 -.04 0.00                  
 apply distance weighting
      27   18
  5 40.9  2.0  15.0* .37857 .37839 .10E-01    11   7.0 .9716E-01 .2409E-01 .1000E-01 -.20 .054 0.00 -.20 .054 0.00                  
  6 40.8  2.0  15.0* .37867 0.0000 .10E+00    11   7.0 .9716E-01 .2409E-01 .1000E-01                .199 -.05 0.00                  
  7 40.9  2.0  15.0* .37857 .37851 .10E+00    11   7.0 .1872E+00 .1141E+00 .1000E+00 -.05 .036 0.00 -.05 .036 0.00                  
  8 40.9  2.0  15.0* .37856 .37852 .50E-01    11   7.0 .1370E+00 .6409E-01 .5000E-01 -.06 .020 0.00 -.06 .020 0.00                  
  9 40.9  2.0  15.0* .37859 0.0000 .50E+00    11   7.0 .1370E+00 .6409E-01 .5000E-01                .063 -.02 0.00                  
 apply truncation weighting
 10 40.9  2.0  15.0* .37856 .37855 .50E+00    11   7.0 .5870E+00 .5141E+00 .5000E+00 -.01 .005 0.00 -.01 .005 0.00                  
 11 40.9  2.0  15.0* .37855 .37854 .25E+00    11   7.0 .3369E+00 .2641E+00 .2500E+00 -.02 .008 0.00 -.02 .008 0.00                  
 12 40.9  2.0  15.0* .37857 0.0000 .25E+01    11   7.0 .3369E+00 .2641E+00 .2500E+00                .015 -.01 0.00                  
 13 40.9  2.0  15.0* .37855 .37855 .25E+01    11   7.0 .2587E+01 .2514E+01 .2500E+01 0.00 .001 0.00 0.00 .001 0.00                  

                                                                                    ( adjustments )(adjst.  taken)
  i  lat long depth    rms   prms    damp     no   phi  --------eigenvalues--------- dlat dlon   dz dlat dlon   dz
      27   18
  1 40.9  2.0  15.0  .37855 .34254 .10E-03    11   7.0 .8818E-01 .2198E-01 .1022E-01 -1.9 -.65 -4.2 -1.3 -.46 -3.0                  
  2 40.2  1.7  12.0  .32781 .28310 .10E-03    11   7.0 .1792E+00 .6446E-01 .2036E-01 .975 -.81 -1.7 .975 -.81 -1.7                  
  3 40.7  1.3  10.3  .34027 0.0000 .10E-01    11   7.0 .1792E+00 .6446E-01 .2036E-01                -.98 .810 1.72                  
  4 40.2  1.7  12.0  .32781 .28910 .10E-01    11   7.0 .1891E+00 .7436E-01 .3026E-01 .665 -.69 -1.5 .665 -.69 -1.5                  
 apply distance weighting
      27   18
  5 40.6  1.3  10.5  .33395 .32569 .10E-01    11   7.0 .1555E+00 .4239E-01 .2392E-01 -.26 .568 .363 -.26 .568 .363                  
  6 40.4  1.7  10.8  .32824 .32795 .50E-02    11   7.0 .1434E+00 .3721E-01 .1797E-01 .066 .044 .287 .066 .044 .287                  
  7 40.4  1.7  11.1  .32715 .32710 .25E-02    11   7.0 .1377E+00 .3447E-01 .1539E-01 .036 .023 .131 .036 .023 .131                  
  8 40.5  1.7  11.3  .32680 .32679 .12E-02    11   7.0 .1351E+00 .3312E-01 .1411E-01 .009 .008 .045 .009 .008 .045                  
  9 40.5  1.7  11.3  .32670 .32670 .62E-03    11   7.0 .1340E+00 .3246E-01 .1346E-01 .000 .002 .013 .000 .002 .013                  
 apply truncation weighting
 10 40.5  1.7  11.3  .32668 .32668 .31E-03    11   7.0 .1335E+00 .3213E-01 .1314E-01 0.00 .001 .004 0.00 .001 .004                  
 11 40.5  1.7  11.3  .32667 .32667 .16E-03    11   7.0 .1333E+00 .3197E-01 .1298E-01 0.00 .000 .001 0.00 .000 .001                  

                                                                                    ( adjustments )(adjst.  taken)
  i  lat long depth    rms   prms    damp     no   phi  --------eigenvalues--------- dlat dlon   dz dlat dlon   dz
      27   18
  1 50.1  3.6   2.0* .87873 .82809 .10E-03    11   7.0 .2184E+00 .6639E-01 .1000E-03 3.18 1.54 0.00 3.18 1.54 0.00                  
  2 51.9  4.5   2.0* .81503 .81169 .10E-03    11   7.0 .1361E+00 .5965E-01 .1000E-03 .476 .850 0.00 .476 .850 0.00                  
  3 52.1  5.1   2.0* .80694 .76627 .10E-03    11   7.0 .9529E-01 .2958E-01 .1000E-03 -4.5 -1.5 0.00 -4.5 -1.5 0.00                  
  4 49.6  4.1   2.0* .91930 0.0000 .10E-01    11   7.0 .9529E-01 .2958E-01 .1000E-03                4.54 1.55 0.00                  
 apply distance weighting
      27   18
  5 52.1  5.1   2.0* .80693 .77636 .10E-01    11   7.0 .1052E+00 .3948E-01 .1000E-01 -3.4 -1.1 0.00 -3.4 -1.1 0.00                  
  6 50.2  4.4   2.0* .87814 0.0000 .10E+00    11   7.0 .1052E+00 .3948E-01 .1000E-01                3.44 1.08 0.00                  
  7 52.1  5.1   2.0* .80693 .79733 .10E+00    11   7.0 .1952E+00 .1295E+00 .1000E+00 -1.1 -.22 0.00 -1.1 -.22 0.00                  
 *** experiencing convergence problems, 
  8 51.5  4.9   2.0* .81738 0.0000 .10E+01    11   7.0 .1952E+00 .1295E+00 .1000E+00                1.10 .216 0.00                  
  9 52.1  5.1   2.0* .80693 .80568 .10E+01    11   7.0 .1095E+01 .1029E+01 .1000E+01 -.15 -.01 0.00 -.15 -.01 0.00                  
 apply truncation weighting
 10 52.0  5.0   2.0* .81023 0.0000 .10E+02    11   7.0 .1095E+01 .1029E+01 .1000E+01                .145 .014 0.00                  
 11 52.1  5.1   2.0* .80693 .80680 .10E+02    11   7.0 .1010E+02 .1003E+02 .1000E+02 -.02 0.00 0.00 -.02 0.00 0.00                  
 12 52.1  5.1   2.0* .80666 .80640 .50E+01    11   7.0 .5095E+01 .5029E+01 .5000E+01 -.03 0.00 0.00 -.03 0.00 0.00                  
 13 52.1  5.1   2.0* .81059 0.0000 .50E+02    11   7.0 .5095E+01 .5029E+01 .5000E+01                .030 .002 0.00                  
 14 52.1  5.1   2.0* .80666 .80663 .50E+02    11   7.0 .5010E+02 .5003E+02 .5000E+02 0.00 0.00 0.00 0.00 0.00 0.00                  

                                                                                    ( adjustments )(adjst.  taken)
  i  lat long depth    rms   prms    damp     no   phi  --------eigenvalues--------- dlat dlon   dz dlat dlon   dz
      27   18
  1 52.1  5.1   2.0  .80666 .68940 .10E-03    11   7.0 .9690E-01 .6690E-01 .3100E-02 -18. -6.8 -13. -4.0 -1.5 -1.4                  
  2 49.9  4.1   0.6  .95173 0.0000 .10E-01    11   7.0 .9690E-01 .6690E-01 .3100E-02                4.04 1.54 1.40                  
  3 52.1  5.1   2.0  .80666 .76923 .10E-01    11   7.0 .1068E+00 .7680E-01 .1300E-01 -5.1 -1.7 -2.2 -5.1 -1.7 -1.4                  
  4 49.4  4.0   0.6  .96570 0.0000 .10E+00    11   7.0 .1068E+00 .7680E-01 .1300E-01                5.06 1.69 1.40                  
 apply distance weighting
      27   18
  5 52.1  5.1   2.0  .80666 .79685 .10E+00    11   7.0 .1968E+00 .1668E+00 .1030E+00 -1.1 -.20 .189 -1.1 -.20 .189                  
  6 51.5  4.9   2.2  .80478 .73650 .50E-01    11   7.0 .3403E+00 .1415E+00 .9880E-01 -.71 .253 2.20 -.71 .253 2.20                  
  7 51.1  5.1   4.4  .79058 .78712 .25E-01    11   7.0 .1347E+00 .5516E-01 .2504E-01 -.60 -.68 .509 -.60 -.68 .509                  
  8 50.8  4.7   4.9  .78280 .77562 .12E-01    11   7.0 .1323E+00 .4280E-01 .1276E-01 -.94 -.47 2.66 -.94 -.47 2.66                  
  9 50.3  4.4   7.6  .75708 .65128 .62E-02    11   7.0 .1287E+00 .3636E-01 .9728E-02 -5.8 -1.3 11.5 -1.5 -.33 3.00                  
 apply truncation weighting
 10 49.5  4.2  10.6  .69470 .48978 .31E-02    11   7.0 .1179E+00 .3277E-01 .1023E-01 -11. -2.5 11.5 -2.9 -.65 3.00                  
 11 47.9  3.8  13.6  .60893 .44537 .16E-02    11   7.0 .1008E+00 .2378E-01 .1210E-01 -11. -2.4 4.91 -6.9 -1.5 3.00                  
 12 44.2  2.9  16.6  .46097 .36667 .78E-03    11   7.0 .8348E-01 .2213E-01 .1092E-01 -8.1 -2.0 -2.5 -8.1 -2.0 -2.5                  
 13 39.8  1.7  14.0  .36585 .33308 .39E-03    11   7.0 .8998E-01 .2245E-01 .1015E-01 .288 -.13 -3.8 .228 -.10 -3.0                  
 14 39.9  1.6  11.0  .32921 .32729 .20E-03    11   7.0 .1293E+00 .3194E-01 .1134E-01 .880 .120 .420 .880 .120 .420                  
 15 40.4  1.7  11.4  .32655 .32648 .10E-03    11   7.0 .1312E+00 .3178E-01 .1268E-01 .065 .041 -.08 .065 .041 -.08                  
 16 40.5  1.7  11.4  .32659 0.0000 .10E-01    11   7.0 .1312E+00 .3178E-01 .1268E-01                -.06 -.04 .076                  
 17 40.4  1.7  11.4  .32655 .32649 .10E-01    11   7.0 .1411E+00 .4168E-01 .2258E-01 .049 .038 -.06 .049 .038 -.06                  
 18 40.5  1.7  11.4  .32656 0.0000 .10E+00    11   7.0 .1411E+00 .4168E-01 .2258E-01                -.05 -.04 .058                  
 19 40.4  1.7  11.4  .32655 .32652 .10E+00    11   7.0 .2311E+00 .1317E+00 .1126E+00 .014 .023 -.02 .014 .023 -.02                  
 20 40.4  1.7  11.4  .32655 .32648 .10E-03    11   7.0 .1311E+00 .3168E-01 .1258E-01 .065 .041 -.08 0.00 0.00 0.00                  
         -az/dp--step---se =az/dp==step===se -az/dp--step---se
          84/ 4 .0396 .362 350/44 -.001 1.17 178/46 -.101 .735                                                                       

 horizontal and vertical single variable standard deviations (68% - one degree of freedom; max 99 km)
       seh =   0.20             seh =   0.53             sez =   0.52   quality = a
       az  =   -98.             az  =    -8.

 se of orig =   0.09; # of iterations =  20; dmax =     200.00; sequence number =      
 event type = " "; processing status = " "
 closest station did not use both p and s

    date    origin      lat      long    depth    mag no d1 gap d  rms    avwt   se
 20111010 1629 34.96 27n40.42  18w 1.70  11.44        11  4 238 1 0.3266  1.00  0.07
                     27.6737   18.0283
    seh  sez q sqd  adj in nr   avr  aar nm avxm mdxm sdxm nf avfm mdfm sdfm   vpvs
    0.5  0.5 d c d 0.09 10 16 .0000 .247  0            0.0  0            0.0  0.000

                      -- travel times and delays --
  stn c pha remk p p-sec s-sec resid  std-er   dist  azm ain    tc c vthk  ttob-ttcal-dlay-edly=resid rmk stn pha sources
 cmcl z        4              -37.50   -----    4.4   11 156       1     -34.96  2.28      .254-37.50    cmcl            
 cmcl z s    0           3936  -0.11    0.07             156       1       4.40  4.06      .452 -0.11    cmcl s  
 ccum z        0    3744       -0.21    0.07    8.0  359 140       1       2.48  2.58      .102 -0.21    ccum            
 ccum z s    0           3970  -0.04    0.07             140       1       4.74  4.60      .181 -0.04    ccum s  
 cjul z        0    3760       -0.24    0.07    8.2  319 140       1       2.64  2.60      .273 -0.24    cjul            
 cjul z s    0           4002  -0.06    0.07             140       1       5.06  4.63      .486 -0.06    cjul s  
 chie z        0    3749       -0.19    0.07    8.9   48 137       1       2.53  2.68      .036 -0.19    chie            
 chie z s    0           3986   0.06    0.07             137       1       4.90  4.77      .064  0.06    chie s  
 ctan z        4              -37.72   -----    9.3  344 136       1     -34.96  2.72      .039-37.72    ctan            
 ctan z s    0           3996   0.08    0.07             136       1       5.00  4.84      .069  0.08    ctan s  
 ctab z        4              -37.80   -----   10.1  326 133       1     -34.96  2.81      .029-37.80    ctab            
 ctab z s    0           3951  -0.51    0.07             133       1       4.55  5.00      .052 -0.51    ctab s  
 corc z        4              -37.98   -----   11.7  287 129       1     -34.96  3.00      .018-37.98    corc            
 corc z s    0           4102   0.69    0.07             129       1       6.06  5.33      .033  0.69    corc s  
 ctig z        4              -38.69   -----   16.4   40 119       1     -34.96  3.63      .102-38.69    ctig            
 ctig z s    0           4212   0.52    0.07             119       1       7.16  6.45      .182  0.52    ctig s  

                                     -- magnitude data --
  stn c source sys    c10   amx gr ink     amf    per   unit/mm  gnd mot u xmgc xmag  fmp fmag
 depth may decrease by       0.27 or increase by       0.56 given a reading 
 standard error of    0.070 and rms limit of   0.327
                                              ----------------------------------------------------------------
                                              ----------------------------------------------------------------
                                              ----------------------------------------------------------------
 11/10/10    16:46        volcano network processing                               
 compute starting parameters from the first   4 p-arrival times.

                                                                                    ( adjustments )(adjst.  taken)
  i  lat long depth    rms   prms    damp     no   phi  --------eigenvalues--------- dlat dlon   dz dlat dlon   dz
      27   18
  1 45.0  5.1   0.0* 1.5493 .98397 .10E-03     7   3.0 .5492E+00 .1750E+00 .1000E-03 .011 -7.4 0.00 .011 -7.4 0.00                  
  2 45.0  0.6   0.0* .84791 .58767 .10E-03     7   3.0 .4789E+00 .1859E+00 .1000E-03 2.21 2.38 0.00 2.21 2.38 0.00                  
  3 46.2  2.0   0.0* .54278 .53533 .10E-03     7   3.0 .4923E+00 .1199E+00 .1000E-03 .612 .257 0.00 .612 .257 0.00                  
  4 46.5  2.2   0.0* .53239 .53065 .10E-03     7   3.0 .4725E+00 .1007E+00 .1000E-03 .337 .119 0.00 .337 .119 0.00                  
 apply distance weighting
      27   18
  5 46.7  2.3   0.0* .52976 .52922 .10E-03     7   3.0 .4598E+00 .9171E-01 .1000E-03 .197 .070 0.00 .197 .070 0.00                  
  6 46.8  2.3   0.0* .52891 .52871 .10E-03     7   3.0 .4519E+00 .8696E-01 .1000E-03 .121 .044 0.00 .121 .044 0.00                  
  7 46.9  2.3   0.0* .52858 .52851 .10E-03     7   3.0 .4469E+00 .8421E-01 .1000E-03 .076 .028 0.00 .076 .028 0.00                  
  8 46.9  2.4   0.0* .52847 .52844 .10E-03     7   3.0 .4437E+00 .8254E-01 .1000E-03 .049 .018 0.00 .049 .018 0.00                  
  9 46.9  2.4   0.0* .52842 .52841 .10E-03     7   3.0 .4416E+00 .8148E-01 .1000E-03 .032 .012 0.00 .032 .012 0.00                  
 apply truncation weighting
 10 46.9  2.4   0.0* .52840 .52840 .10E-03     7   3.0 .4402E+00 .8081E-01 .1000E-03 .021 .008 0.00 .021 .008 0.00                  
 11 47.0  2.4   0.0* .52839 .52839 .10E-03     7   3.0 .4393E+00 .8038E-01 .1000E-03 .014 .005 0.00 .014 .005 0.00                  
 12 47.0  2.4   0.0* .52839 0.0000 .10E-01     7   3.0 .4393E+00 .8038E-01 .1000E-03                -.01 -.01 0.00                  
 13 47.0  2.4   0.0* .52839 .52839 .10E-01     7   3.0 .4492E+00 .9028E-01 .1000E-01 .012 .005 0.00 .012 .005 0.00                  
 14 47.0  2.4   0.0* .52838 .52838 .50E-02     7   3.0 .4437E+00 .8503E-01 .5000E-02 .009 .003 0.00 .009 .003 0.00                  
 15 47.0  2.4   0.0* .52838 .52838 .25E-02     7   3.0 .4408E+00 .8234E-01 .2500E-02 .006 .002 0.00 .006 .002 0.00                  
 16 47.0  2.4   0.0* .52838 .52838 .12E-02     7   3.0 .4393E+00 .8096E-01 .1250E-02 .004 .002 0.00 .004 .002 0.00                  

                                                                                    ( adjustments )(adjst.  taken)
  i  lat long depth    rms   prms    damp     no   phi  --------eigenvalues--------- dlat dlon   dz dlat dlon   dz
      27   18
  1 45.0  5.1  15.0* .22954 .07596 .10E-03     7   3.0 .3783E-01 .8315E-02 .1000E-03 -6.1 -1.4 0.00 -6.1 -1.4 0.00                  
  2 41.7  4.2  15.0* .06378 .06350 .10E-03     7   3.0 .3545E-01 .8479E-02 .1000E-03 .053 .087 0.00 .053 .087 0.00                  
  3 41.7  4.3  15.0* .06343 .06343 .10E-03     7   3.0 .3531E-01 .8459E-02 .1000E-03 0.00 0.00 0.00 0.00 0.00 0.00                  
  4 41.7  4.3  15.0* .06344 0.0000 .10E-01     7   3.0 .3531E-01 .8459E-02 .1000E-03                .004 .001 0.00                  
 apply distance weighting
      27   18
  5 41.7  4.3  15.0* .06343 .06343 .10E-01     7   3.0 .4521E-01 .1836E-01 .1000E-01 0.00 0.00 0.00 0.00 0.00 0.00                  

                                                                                    ( adjustments )(adjst.  taken)
  i  lat long depth    rms   prms    damp     no   phi  --------eigenvalues--------- dlat dlon   dz dlat dlon   dz
      27   18
  1 41.7  4.3  15.0  .06343 .05366 .10E-03     7   3.0 .3858E-01 .1467E-01 .8047E-02 -.12 -.19 -.72 -.12 -.19 -.72                  
  2 41.6  4.2  14.3  .05418 .05417 .10E-03     7   3.0 .4215E-01 .1447E-01 .8948E-02 .009 .011 -.01 .009 .011 -.01                  
  3 41.6  4.2  14.3  .05417 .05417 .10E-03     7   3.0 .4222E-01 .1447E-01 .8965E-02 0.00 .001 0.00 0.00 .001 0.00                  
 apply distance weighting
      27   18
  5 41.6  4.2  14.3  .05417 .05417 .10E-03     7   3.0 .4222E-01 .1447E-01 .8965E-02 0.00 .001 0.00 0.00 .001 0.00                  

                                                                                    ( adjustments )(adjst.  taken)
  i  lat long depth    rms   prms    damp     no   phi  --------eigenvalues--------- dlat dlon   dz dlat dlon   dz
      27   18
  1 47.0  2.4   2.0* .50884 .50667 .10E-03     7   3.0 .4110E+00 .7569E-01 .1000E-03 -.38 -.01 0.00 -.38 -.01 0.00                  
  2 46.8  2.4   2.0* .50615 .50558 .10E-03     7   3.0 .4231E+00 .8216E-01 .1000E-03 -.21 -.07 0.00 -.21 -.07 0.00                  
  3 46.7  2.3   2.0* .50541 .50520 .10E-03     7   3.0 .4305E+00 .8657E-01 .1000E-03 -.13 -.04 0.00 -.13 -.04 0.00                  
  4 46.6  2.3   2.0* .50517 .50510 .10E-03     7   3.0 .4347E+00 .8935E-01 .1000E-03 -.07 -.02 0.00 -.07 -.02 0.00                  
 apply distance weighting
      27   18
  5 46.5  2.3   2.0* .50512 .50509 .10E-03     7   3.0 .4371E+00 .9102E-01 .1000E-03 -.04 -.01 0.00 -.04 -.01 0.00                  
  6 46.5  2.3   2.0* .50511 .50510 .10E-03     7   3.0 .4385E+00 .9200E-01 .1000E-03 -.02 -.01 0.00 -.02 -.01 0.00                  
  7 46.5  2.3   2.0* .50511 .50511 .10E-03     7   3.0 .4392E+00 .9256E-01 .1000E-03 -.01 0.00 0.00 -.01 0.00 0.00                  
  8 46.5  2.3   2.0* .50512 0.0000 .10E-01     7   3.0 .4392E+00 .9256E-01 .1000E-03                .013 .004 0.00                  
  9 46.5  2.3   2.0* .50511 .50511 .10E-01     7   3.0 .4491E+00 .1025E+00 .1000E-01 -.01 0.00 0.00 -.01 0.00 0.00                  
 apply truncation weighting
 10 46.5  2.3   2.0* .50512 0.0000 .20E+00     7   3.0 .4491E+00 .1025E+00 .1000E-01                .012 .004 0.00                  
 11 46.5  2.3   2.0* .50511 .50511 .20E+00     7   3.0 .6363E+00 .2897E+00 .1972E+00 0.00 0.00 0.00 0.00 0.00 0.00                  
 *** experiencing convergence problems, 
 12 46.5  2.3   2.0* .50511 0.0000 .20E+01     7   3.0 .6363E+00 .2897E+00 .1972E+00                .004 .001 0.00                  
 13 46.5  2.3   2.0* .50511 .50511 .20E+01     7   3.0 .2411E+01 .2064E+01 .1972E+01 0.00 0.00 0.00 0.00 0.00 0.00                  

                                                                                    ( adjustments )(adjst.  taken)
  i  lat long depth    rms   prms    damp     no   phi  --------eigenvalues--------- dlat dlon   dz dlat dlon   dz
      27   18
  1 46.5  2.3   2.0  .50511 .14412 .10E-03     7   3.0 .4413E+00 .9287E-01 .3785E-02 -1.6 .998 20.7 -.23 .144 3.00                  
  2 46.4  2.4   5.0  .54617 0.0000 .10E-01     7   3.0 .4413E+00 .9287E-01 .3785E-02                .227 -.14 -3.0                  
  3 46.5  2.3   2.0  .50511 .43624 .10E-01     7   3.0 .4512E+00 .1028E+00 .1368E-01 -.41 .275 5.74 -.21 .144 3.00                  
  4 46.4  2.4   5.0  .54660 0.0000 .20E+00     7   3.0 .4512E+00 .1028E+00 .1368E-01                .214 -.14 -3.0                  
 apply distance weighting
      27   18
  5 46.5  2.3   2.0  .50511 .50075 .20E+00     7   3.0 .6404E+00 .2920E+00 .2029E+00 -.02 .014 .388 -.02 .014 .388                  
  6 46.5  2.3   2.4  .49540 .48387 .10E+00     7   3.0 .5295E+00 .1901E+00 .1047E+00 -.09 .049 .863 -.09 .049 .863                  
  7 46.5  2.3   3.3  .50367 0.0000 .10E+01     7   3.0 .5295E+00 .1901E+00 .1047E+00                .090 -.05 -.86                  
  8 46.5  2.3   2.4  .49540 .49420 .10E+01     7   3.0 .1426E+01 .1087E+01 .1001E+01 -.01 .006 .090 -.01 .006 .090                  
  9 46.5  2.3   2.5  .49293 .49040 .50E+00     7   3.0 .9253E+00 .5881E+00 .5034E+00 -.02 .012 .184 -.02 .012 .184                  
 apply truncation weighting
 10 46.5  2.3   2.7  .48208 .47739 .25E+00     7   3.0 .6973E+00 .3666E+00 .2563E+00 .056 -.20 -.26 .056 -.20 -.26                  
 11 46.5  2.2   2.4  .49746 0.0000 .25E+01     7   3.0 .6973E+00 .3666E+00 .2563E+00                -.06 .200 .259                  
 12 46.5  2.3   2.7  .48209 .48155 .25E+01     7   3.0 .2939E+01 .2608E+01 .2497E+01 .002 -.03 -.03 .002 -.03 -.03                  
 13 46.5  2.3   2.6  .48099 .47995 .12E+01     7   3.0 .1693E+01 .1363E+01 .1252E+01 .006 -.05 -.06 .006 -.05 -.06                  
 14 46.5  2.3   2.6  .47889 .47696 .62E+00     7   3.0 .1070E+01 .7409E+00 .6299E+00 .020 -.09 -.11 .020 -.09 -.11                  
 15 46.5  2.2   2.5  .49470 0.0000 .62E+01     7   3.0 .1070E+01 .7409E+00 .6299E+00                -.02 .086 .109                  
 16 46.5  2.3   2.6  .47889 .47869 .62E+01     7   3.0 .6673E+01 .6344E+01 .6233E+01 .001 -.01 -.01 .001 -.01 -.01                  
 17 46.5  2.2   2.6  .47848 .47807 .31E+01     7   3.0 .3560E+01 .3231E+01 .3120E+01 .003 -.02 -.02 .003 -.02 -.02                  
 18 46.5  2.2   2.5  .47766 .47687 .16E+01     7   3.0 .2003E+01 .1675E+01 .1564E+01 .008 -.04 -.04 .008 -.04 -.04                  
 19 46.5  2.2   2.5  .49347 0.0000 .16E+02     7   3.0 .2003E+01 .1675E+01 .1564E+01                -.01 .036 .044                  
 apply distance weighting

                                                                                    ( adjustments )(adjst.  taken)
  i  lat long depth    rms   prms    damp     no   phi  --------eigenvalues--------- dlat dlon   dz dlat dlon   dz
      27   18
  5 41.6  4.2  14.3  .05417 .05417 .00E+00     7   3.0 .4212E-01 .1437E-01 .8865E-02 0.00 .001 0.00 0.00 0.00 0.00                  
         -az/dp--step---se =az/dp==step===se -az/dp--step---se
         349/12 0.000 1.39  84/23 .0009 .638 233/64 0.000 1.09                                                                       

 horizontal and vertical single variable standard deviations (68% - one degree of freedom; max 99 km)
       seh =   0.39             seh =   0.74             sez =   0.56   quality = a
       az  =   -98.             az  =    -8.

 se of orig =   0.11; # of iterations =   5; dmax =     200.00; sequence number =      
 event type = " "; processing status = " "
 s minus p interval for closest station =       2.43

    date    origin      lat      long    depth    mag no d1 gap d  rms    avwt   se
 20111010 1646 49.11 27n41.63  18w 4.18  14.26         7  4 276 1 0.0542  1.00  0.07
                     27.6939   18.0697
    seh  sez q sqd  adj in nr   avr  aar nm avxm mdxm sdxm nf avfm mdfm sdfm   vpvs
    0.7  0.6 c b d 0.00 19  8 .0000 .046  0            0.0  0            0.0  0.000

                      -- travel times and delays --
  stn c pha remk p p-sec s-sec resid  std-er   dist  azm ain    tc c vthk  ttob-ttcal-dlay-edly=resid rmk stn pha sources
 cjul z        0    5198       -0.05    0.07    4.2  343 159       1       2.87  2.62      .297 -0.05    cjul            
 cjul z s    0           5441   0.10    0.07             159       1       5.30  4.67      .528  0.10    cjul s  
 cmcl z        0    5209        0.04    0.07    5.3   67 154       1       2.98  2.69      .256  0.04    cmcl            
 cmcl z s    0           5430  -0.05    0.07             154       1       5.19  4.79      .455 -0.05    cmcl s  
 ctab z        0    5190        0.00    0.07    6.4  346 149       1       2.79  2.76      .032  0.00    ctab            
 ctab z s    0           5401  -0.06    0.07             149       1       4.90  4.90      .057 -0.06    ctab s  
 ctig z        4              -53.15   -----   17.9   54 112       1     -49.11  3.93      .108-53.15    ctig            
 ctig z s    0           5632   0.02    0.07             112       1       7.21  7.00      .192  0.02    ctig s  

                                     -- magnitude data --
  stn c source sys    c10   amx gr ink     amf    per   unit/mm  gnd mot u xmgc xmag  fmp fmag
 depth may decrease by       0.53 or increase by       0.58 given a reading 
 standard error of    0.070 and rms limit of   0.060
                                              ----------------------------------------------------------------
                                              ----------------------------------------------------------------
                                              ----------------------------------------------------------------
 11/10/10    17:04        volcano network processing                               
 compute starting parameters from the first   7 p-arrival times.

                                                                                    ( adjustments )(adjst.  taken)
  i  lat long depth    rms   prms    damp     no   phi  --------eigenvalues--------- dlat dlon   dz dlat dlon   dz
      27   18
  1 35.3  0.6   0.0* .44077 .42732 .10E-03    13   9.0 .1346E+00 .1012E+00 .1000E-03 -.77 .765 0.00 -.77 .765 0.00                  
  2 34.8  1.1   0.0* .43630 .42945 .10E-03    13   9.0 .1328E+00 .9278E-01 .1000E-03 -.88 -.04 0.00 -.88 -.04 0.00                  
  3 34.4  1.1   0.0* .41993 .41421 .10E-03    13   9.0 .1054E+00 .6389E-01 .1000E-03 .080 .892 0.00 .080 .892 0.00                  
  4 34.4  1.6   0.0* .41374 .41372 .10E-03    13   9.0 .1093E+00 .6738E-01 .1000E-03 .038 .038 0.00 .038 .038 0.00                  
 apply distance weighting
      27   18
  5 34.4  1.6   0.0* .41373 .41373 .10E-03    13   9.0 .1097E+00 .6770E-01 .1000E-03 0.00 .002 0.00 0.00 .002 0.00                  

                                                                                    ( adjustments )(adjst.  taken)
  i  lat long depth    rms   prms    damp     no   phi  --------eigenvalues--------- dlat dlon   dz dlat dlon   dz
      27   18
  1 35.3  0.6  15.0* .60442 .50744 .10E-03    13   9.0 .4395E-01 .1717E-01 .1000E-03 -2.2 -5.7 0.00 -2.2 -5.7 0.00                  
  2 34.1 57.2  15.0* .54950 .53364 .10E-03    13   9.0 .3498E-01 .1160E-01 .1000E-03 .097 3.37 0.00 .097 3.37 0.00                  
  3 34.1 59.2  15.0* .54808 .53304 .10E-03    13   9.0 .3724E-01 .1469E-01 .1000E-03 1.14 -3.4 0.00 1.14 -3.4 0.00                  
  4 34.7 57.1  15.0* .54987 0.0000 .10E-01    13   9.0 .3724E-01 .1469E-01 .1000E-03                -1.1 3.40 0.00                  
 apply distance weighting
      27   17
  5 34.1 59.2  15.0* .54808 .53863 .10E-01    13   9.0 .4714E-01 .2459E-01 .1000E-01 .526 -2.1 0.00 .526 -2.1 0.00                  
  6 34.4 57.9  15.0* .54076 .54006 .50E-02    13   9.0 .4126E-01 .1775E-01 .5000E-02 -.28 .664 0.00 -.28 .664 0.00                  
  7 34.3 58.3  15.0* .54071 .54034 .25E-02    13   9.0 .3889E-01 .1575E-01 .2500E-02 .296 -.49 0.00 .296 -.49 0.00                  
  8 34.4 58.0  15.0* .54040 .54004 .12E-02    13   9.0 .3766E-01 .1416E-01 .1250E-02 -.34 .498 0.00 -.34 .498 0.00                  
  9 34.2 58.3  15.0* .54082 0.0000 .19E-01    13   9.0 .3766E-01 .1416E-01 .1250E-02                .339 -.50 0.00                  
 apply truncation weighting
 10 34.4 58.0  15.0* .54040 .54024 .19E-01    13   9.0 .5535E-01 .3185E-01 .1894E-01 -.15 .223 0.00 -.15 .223 0.00                  
 11 34.3 58.2  15.0* .54038 .54038 .95E-02    13   9.0 .4586E-01 .2252E-01 .9470E-02 -.01 .013 0.00 -.01 .013 0.00                  
 12 34.3 58.2  15.0* .54039 0.0000 .95E-01    13   9.0 .4586E-01 .2252E-01 .9470E-02                .005 -.01 0.00                  
 13 34.3 58.2  15.0* .54038 .54038 .95E-01    13   9.0 .1311E+00 .1078E+00 .9470E-01 0.00 .003 0.00 0.00 .003 0.00                  

                                                                                    ( adjustments )(adjst.  taken)
  i  lat long depth    rms   prms    damp     no   phi  --------eigenvalues--------- dlat dlon   dz dlat dlon   dz
      27   17
  1 34.3 58.2  15.0  .54038 .24031 .10E-03    13   9.0 .3650E-01 .2404E-01 .8984E-02 -4.2 5.64 -14. -.91 1.24 -3.0                  
  2 33.8 58.9  12.0  .44584 .13407 .10E-03    13   9.0 .1750E+00 .2446E-01 .1632E-01 5.56 3.58 -4.6 3.61 2.32 -3.0                  
  3 35.8  0.3   9.0  .43961 .23555 .10E-03    13   9.0 .7078E-01 .4006E-01 .1241E-01 -5.1 .691 -6.6 -2.3 .312 -3.0                  
  4 34.6  0.5   6.0  .32781 .22221 .10E-03    13   9.0 .5773E-01 .4143E-01 .3558E-02 -2.1 .260 -11. -.60 .073 -3.0                  
 apply distance weighting
      27   18
  5 34.2  0.6   3.0  .29016 .18688 .10E-03    13   9.0 .3149E+00 .6542E-01 .2263E-01 2.37 .667 -1.3 2.37 .667 -1.3                  
  6 35.5  1.0   1.7  .26777 .16723 .10E-03    13   9.0 .3800E+00 .7568E-01 .5964E-01 -1.2 -1.9 1.34 -1.2 -1.9 1.34                  
  7 34.9 59.8   3.1  .23926 .18813 .10E-03    13   9.0 .3388E+00 .6250E-01 .2568E-01 1.02 1.80 -1.2 1.02 1.80 -1.2                  
  8 35.4  0.9   1.9  .19043 .18666 .10E-03    13   9.0 .3189E+00 .6839E-01 .2193E-01 .345 .020 -.25 .345 .020 -.25                  
  9 35.6  0.9   1.6  .28371 0.0000 .10E-01    13   9.0 .3189E+00 .6839E-01 .2193E-01                -.35 -.02 .245                  
 apply truncation weighting
 10 35.4  0.9   1.9  .19043 .18695 .10E-01    13   9.0 .3288E+00 .7829E-01 .3183E-01 .272 -.03 -.21 .272 -.03 -.21                  
 11 35.6  0.9   1.6  .27733 0.0000 .16E+00    13   9.0 .3288E+00 .7829E-01 .3183E-01                -.27 .033 .208                  
 12 35.4  0.9   1.9  .19043 .18837 .16E+00    13   9.0 .4751E+00 .2246E+00 .1781E+00 .076 -.07 -.12 .076 -.07 -.12                  
 *** experiencing convergence problems, 
 13 35.4  0.9   1.7  .26204 0.0000 .16E+01    13   9.0 .4751E+00 .2246E+00 .1781E+00                -.08 .071 .117                  
 14 35.4  0.9   1.9  .19043 .18994 .16E+01    13   9.0 .1882E+01 .1631E+01 .1585E+01 .010 -.02 -.03 .010 -.02 -.03                  
 15 35.4  0.9   1.8  .18953 .18894 .78E+00    13   9.0 .1099E+01 .8499E+00 .8033E+00 .019 -.03 -.04 .019 -.03 -.04                  
 16 35.4  0.9   1.8  .18849 .18797 .39E+00    13   9.0 .7066E+00 .4594E+00 .4125E+00 .033 -.03 -.05 .033 -.03 -.05                  
 17 35.4  0.9   1.7  .26149 0.0000 .39E+01    13   9.0 .7066E+00 .4594E+00 .4125E+00                -.03 .029 .046                  
 18 35.4  0.9   1.8  .18849 .18841 .39E+01    13   9.0 .4223E+01 .3976E+01 .3929E+01 .004 0.00 -.01 .004 0.00 -.01                  
 19 35.4  0.9   1.8  .25746 0.0000 .39E+02    13   9.0 .4223E+01 .3976E+01 .3929E+01                0.00 .005 .008                  
 20 35.4  0.9   1.8  .25746 .16828 .10E-03    13   9.0 .3791E+00 .7554E-01 .5785E-01 -1.0 -1.8 1.28 0.00 0.00 0.00                  
         -az/dp--step---se =az/dp==step===se -az/dp--step---se
         352/ 6 -1.14 .476  84/23 -2.05 .544 249/66 .6336 .213                                                                       

 horizontal and vertical single variable standard deviations (68% - one degree of freedom; max 99 km)
       seh =   0.25             seh =   0.27             sez =   0.16   quality = a
       az  =     7.             az  =   -83.

 se of orig =   0.07; # of iterations =  20; dmax =     200.00; sequence number =      
 event type = " "; processing status = " "
 s minus p interval for closest station =       1.41

    date    origin      lat      long    depth    mag no d1 gap d  rms    avwt   se
 20111010 17 4 17.70 27n35.42  18w 0.90   1.78        13  7 305 1 0.2575  1.00  0.07
                     27.5904   18.0150
    seh  sez q sqd  adj in nr   avr  aar nm avxm mdxm sdxm nf avfm mdfm sdfm   vpvs
    0.3  0.2 c b d 0.01 10 14 .0000 .187  0            0.0  0            0.0  0.000

                      -- travel times and delays --
  stn c pha remk p p-sec s-sec resid  std-er   dist  azm ain    tc c vthk  ttob-ttcal-dlay-edly=resid rmk stn pha sources
 crst z        0    1919       -0.17    0.07    6.7   32 105       1       1.49  1.66      .002 -0.17    crst            
 crst z s    0           2060  -0.05    0.07             105       1       2.90  2.95      .003 -0.05    crst s  
 cmcl z        0    2130        0.31    0.07   13.6  358  97       1       3.60  3.26      .034  0.31    cmcl            
 cmcl z s    0           2423   0.68    0.07              97       1       6.53  5.80      .061  0.68    cmcl s  
 chie z        0    2134       -0.04    0.07   16.1   19  42       1       3.64  3.65      .030 -0.04    chie            
 chie z s    0           2418  -0.07    0.07              42       1       6.48  6.50      .054 -0.07    chie s  
 cjul z        0    2168       -0.01    0.07   16.8  337  42       1       3.98  3.77      .226 -0.01    cjul            
 cjul z s    0           2503   0.22    0.07              42       1       7.33  6.71      .402  0.22    cjul s  
 ccum z        0    2158       -0.05    0.07   17.3  355  42       1       3.88  3.85      .084 -0.05    ccum            
 ccum z s    0           2440  -0.29    0.07              42       1       6.70  6.85      .149 -0.29    ccum s  
 ctan z        0    2175       -0.03    0.07   18.6  348  42       1       4.05  4.05      .033 -0.03    ctan            
 ctan z s    0           2468  -0.29    0.07              42       1       6.98  7.21      .058 -0.29    ctan s  
 ctab z        4              -21.83   -----   19.0  339  42       1     -17.70  4.11      .025-21.83    ctab            
 ctab z s    0           2485  -0.21    0.07              42       1       7.15  7.32      .045 -0.21    ctab s  

                                     -- magnitude data --
  stn c source sys    c10   amx gr ink     amf    per   unit/mm  gnd mot u xmgc xmag  fmp fmag
 depth may decrease by       0.01 or increase by       5.88 given a reading 
 standard error of    0.070 and rms limit of   0.258
                                              ----------------------------------------------------------------
                                              ----------------------------------------------------------------
                                              ----------------------------------------------------------------
 11/10/10    17:16        volcano network processing                               
 compute starting parameters from the first   8 p-arrival times.

                                                                                    ( adjustments )(adjst.  taken)
  i  lat long depth    rms   prms    damp     no   phi  --------eigenvalues--------- dlat dlon   dz dlat dlon   dz
      27   18
  1 42.6  3.1   0.0* .99029 .90568 .10E-03    16  12.0 .1135E+01 .2921E+00 .1000E-03 -2.8 -.38 0.00 -2.8 -.38 0.00                  
  2 41.1  2.9   0.0* .82820 .70812 .10E-03    16  12.0 .7787E+00 .1851E+00 .1000E-03 -3.9 -.64 0.00 -3.9 -.64 0.00                  
  3 39.0  2.5   0.0* .64354 .57584 .10E-03    16  12.0 .4176E+00 .1599E+00 .1000E-03 -2.8 -.39 0.00 -2.8 -.39 0.00                  
  4 37.5  2.3   0.0* .56598 .56420 .10E-03    16  12.0 .2993E+00 .1493E+00 .1000E-03 -.36 -.20 0.00 -.36 -.20 0.00                  
 apply distance weighting
      27   18
  5 37.3  2.2   0.0* .56396 .56393 .10E-03    16  12.0 .2876E+00 .1484E+00 .1000E-03 -.03 -.04 0.00 -.03 -.04 0.00                  
  6 37.3  2.1   0.0* .56393 .56393 .10E-03    16  12.0 .2865E+00 .1483E+00 .1000E-03 0.00 0.00 0.00 0.00 0.00 0.00                  
  7 37.3  2.1   0.0* .56392 .56392 .10E-03    16  12.0 .2863E+00 .1483E+00 .1000E-03 0.00 0.00 0.00 0.00 0.00 0.00                  

                                                                                    ( adjustments )(adjst.  taken)
  i  lat long depth    rms   prms    damp     no   phi  --------eigenvalues--------- dlat dlon   dz dlat dlon   dz
      27   18
  1 42.6  3.1  15.0* .23609 .21372 .10E-03    16  12.0 .1127E+00 .1650E-01 .1000E-03 -2.6 .237 0.00 -2.6 .237 0.00                  
  2 41.2  3.3  15.0* .21367 .21340 .10E-03    16  12.0 .1040E+00 .1836E-01 .1000E-03 .313 .023 0.00 .313 .023 0.00                  
  3 41.4  3.3  15.0* .21359 .21359 .10E-03    16  12.0 .1051E+00 .1806E-01 .1000E-03 -.02 0.00 0.00 -.02 0.00 0.00                  
  4 41.4  3.3  15.0* .21358 .21358 .10E-03    16  12.0 .1050E+00 .1808E-01 .1000E-03 .002 .000 0.00 .002 .000 0.00                  
 apply distance weighting
      27   18
  5 41.4  3.3  15.0* .21358 .21358 .10E-03    16  12.0 .1050E+00 .1808E-01 .1000E-03 .002 .000 0.00 .002 .000 0.00                  

                                                                                    ( adjustments )(adjst.  taken)
  i  lat long depth    rms   prms    damp     no   phi  --------eigenvalues--------- dlat dlon   dz dlat dlon   dz
      27   18
  1 41.4  3.3  15.0  .21358 .20782 .10E-03    16  12.0 .1078E+00 .4152E-01 .1321E-01 -.63 -.26 -1.1 -.63 -.26 -1.1                  
  2 41.0  3.1  13.9  .20713 .20678 .10E-03    16  12.0 .1204E+00 .4243E-01 .1487E-01 -.02 -.02 -.26 -.02 -.02 -.26                  
  3 41.0  3.1  13.6  .20732 0.0000 .10E-01    16  12.0 .1204E+00 .4243E-01 .1487E-01                .025 .022 .261                  
  4 41.0  3.1  13.9  .20713 .20685 .10E-01    16  12.0 .1303E+00 .5233E-01 .2477E-01 .007 -.01 -.20 .007 -.01 -.20                  
 apply distance weighting
      27   18
  5 41.0  3.1  13.7  .20719 .20714 .10E-01    16  12.0 .1332E+00 .5260E-01 .2524E-01 -.02 -.01 -.09 -.02 -.01 -.09                  
  6 41.0  3.1  13.6  .20738 0.0000 .10E+00    16  12.0 .1332E+00 .5260E-01 .2524E-01                .018 .008 .090                  
  7 41.0  3.1  13.7  .20719 .20718 .10E+00    16  12.0 .2232E+00 .1426E+00 .1152E+00 .001 .002 -.03 .001 .002 -.03                  
 *** experiencing convergence problems, 
  8 41.0  3.1  13.7  .20724 0.0000 .10E+01    16  12.0 .2232E+00 .1426E+00 .1152E+00                0.00 0.00 .029                  
  9 41.0  3.1  13.7  .20719 .20719 .10E+01    16  12.0 .1123E+01 .1043E+01 .1015E+01 .000 .001 0.00 .000 .001 0.00                  
 apply truncation weighting
 10 41.0  3.1  13.7  .20720 0.0000 .10E+02    16  12.0 .1123E+01 .1043E+01 .1015E+01                0.00 0.00 .004                  
 11 41.0  3.1  13.7  .20719 .20719 .10E+02    16  12.0 .1012E+02 .1004E+02 .1002E+02 .000 .000 0.00 .000 .000 0.00                  

                                                                                    ( adjustments )(adjst.  taken)
  i  lat long depth    rms   prms    damp     no   phi  --------eigenvalues--------- dlat dlon   dz dlat dlon   dz
      27   18
  1 37.3  2.1   2.0* .43455 .43051 .10E-03    16  12.0 .1624E+00 .1177E+00 .1000E-03 -.40 .483 0.00 -.40 .483 0.00                  
  2 37.0  2.4   2.0* .44914 0.0000 .10E-01    16  12.0 .1624E+00 .1177E+00 .1000E-03                .396 -.48 0.00                  
  3 37.3  2.1   2.0* .43455 .43077 .10E-01    16  12.0 .1723E+00 .1276E+00 .1000E-01 -.37 .455 0.00 -.37 .455 0.00                  
  4 37.1  2.4   2.0* .44938 0.0000 .11E+00    16  12.0 .1723E+00 .1276E+00 .1000E-01                .365 -.45 0.00                  
 apply distance weighting
      27   18
  5 37.3  2.1   2.0* .43455 .43228 .11E+00    16  12.0 .2755E+00 .2309E+00 .1133E+00 -.20 .284 0.00 -.20 .284 0.00                  
 *** experiencing convergence problems, 
  6 37.1  2.3   2.0* .45115 0.0000 .11E+01    16  12.0 .2755E+00 .2309E+00 .1133E+00                .201 -.28 0.00                  
  7 37.3  2.1   2.0* .43455 .43409 .11E+01    16  12.0 .1295E+01 .1251E+01 .1133E+01 -.04 .060 0.00 -.04 .060 0.00                  
  8 37.2  2.2   2.0* .43376 .43310 .57E+00    16  12.0 .7281E+00 .6840E+00 .5664E+00 -.06 .095 0.00 -.06 .095 0.00                  
  9 37.2  2.2   2.0* .43269 .43198 .28E+00    16  12.0 .4438E+00 .4008E+00 .2832E+00 -.09 .124 0.00 -.09 .124 0.00                  
 apply truncation weighting
 10 37.2  2.3   2.0* .45126 0.0000 .28E+01    16  12.0 .4438E+00 .4008E+00 .2832E+00                .085 -.12 0.00                  
 11 37.2  2.2   2.0* .43269 .43259 .28E+01    16  12.0 .2993E+01 .2950E+01 .2832E+01 -.01 .018 0.00 -.01 .018 0.00                  
 12 37.2  2.2   2.0* .43251 .43233 .14E+01    16  12.0 .1576E+01 .1534E+01 .1416E+01 -.02 .033 0.00 -.02 .033 0.00                  
 13 37.2  2.3   2.0* .43220 .43194 .71E+00    16  12.0 .8680E+00 .8256E+00 .7081E+00 -.04 .055 0.00 -.04 .055 0.00                  
 14 37.2  2.3   2.0* .45152 0.0000 .71E+01    16  12.0 .8680E+00 .8256E+00 .7081E+00                .036 -.05 0.00                  
 15 37.2  2.3   2.0* .43220 .43217 .71E+01    16  12.0 .7241E+01 .7198E+01 .7081E+01 0.00 .007 0.00 0.00 .007 0.00                  
 16 37.2  2.3   2.0* .43218 .43212 .35E+01    16  12.0 .3700E+01 .3658E+01 .3540E+01 -.01 .013 0.00 -.01 .013 0.00                  
 17 37.2  2.3   2.0* .45198 0.0000 .35E+02    16  12.0 .3700E+01 .3658E+01 .3540E+01                .008 -.01 0.00                  
 18 37.2  2.3   2.0* .43218 .43217 .35E+02    16  12.0 .3556E+02 .3552E+02 .3540E+02 0.00 .001 0.00 0.00 .001 0.00                  

                                                                                    ( adjustments )(adjst.  taken)
  i  lat long depth    rms   prms    damp     no   phi  --------eigenvalues--------- dlat dlon   dz dlat dlon   dz
      27   18
  1 37.2  2.3   2.0  .43218 .35796 .10E-03    16  12.0 .3561E+00 .1582E+00 .9757E-01 .772 .532 1.77 .772 .532 1.77                  
  2 37.6  2.6   3.8  .33690 .28569 .10E-03    16  12.0 .1565E+00 .1291E+00 .6017E-02 6.42 -.16 -6.0 3.22 -.08 -3.0                  
  3 39.3  2.5   0.8  .61727 0.0000 .10E-01    16  12.0 .1565E+00 .1291E+00 .6017E-02                -3.2 .079 3.00                  
  4 37.6  2.6   3.8  .33690 .31581 .10E-01    16  12.0 .1664E+00 .1390E+00 .1592E-01 2.33 -.34 -2.4 2.33 -.34 -2.4                  
 apply distance weighting
      27   18
  5 38.9  2.4   1.4  .53282 .41492 .10E-01    16  12.0 .4370E+00 .2149E+00 .9047E-01 -.73 .711 3.06 -.72 .697 3.00                  
  6 38.5  2.8   4.4  .35738 .34009 .50E-02    16  12.0 .1914E+00 .6597E-01 .5177E-02 -1.0 -.62 2.89 -1.0 -.62 2.89                  
  7 37.9  2.4   7.3  .31043 .24040 .25E-02    16  12.0 .1537E+00 .6111E-01 .6734E-02 3.22 .463 8.98 1.07 .155 3.00                  
  8 38.5  2.5  10.3  .26101 .19649 .12E-02    16  12.0 .1376E+00 .5907E-01 .9799E-02 4.30 .728 5.34 2.42 .409 3.00                  
  9 39.8  2.8  13.3  .22250 .21029 .62E-03    16  12.0 .1167E+00 .4272E-01 .1414E-01 1.89 .502 .456 1.89 .502 .456                  
 apply truncation weighting
 10 40.8  3.1  13.7  .20777 .20713 .31E-03    16  12.0 .1210E+00 .4268E-01 .1505E-01 .295 .079 -.14 .295 .079 -.14                  
 11 41.0  3.1  13.6  .20743 .20741 .16E-03    16  12.0 .1245E+00 .4287E-01 .1555E-01 .020 .003 -.05 .020 .003 -.05                  
 12 41.0  3.1  13.5  .20758 0.0000 .16E-01    16  12.0 .1245E+00 .4287E-01 .1555E-01                -.02 0.00 .053                  
 13 41.0  3.1  13.6  .20743 .20741 .16E-01    16  12.0 .1399E+00 .5833E-01 .3102E-01 .016 .004 -.04 .016 .004 -.04                  
 14 41.0  3.1  13.5  .20754 0.0000 .16E+00    16  12.0 .1399E+00 .5833E-01 .3102E-01                -.02 0.00 .038                  
 15 41.0  3.1  13.6  .20743 .20743 .16E+00    16  12.0 .2805E+00 .1990E+00 .1716E+00 .005 .003 -.01 .005 .003 -.01                  
 *** experiencing convergence problems, 
 16 41.0  3.1  13.6  .20746 0.0000 .16E+01    16  12.0 .2805E+00 .1990E+00 .1716E+00                -.01 0.00 .011                  
 17 41.0  3.1  13.6  .20743 .20743 .16E+01    16  12.0 .1687E+01 .1605E+01 .1578E+01 .001 .001 0.00 .001 .001 0.00                  
 apply distance weighting

                                                                                    ( adjustments )(adjst.  taken)
  i  lat long depth    rms   prms    damp     no   phi  --------eigenvalues--------- dlat dlon   dz dlat dlon   dz
      27   18
  5 41.0  3.1  13.7  .20719 .20712 .00E+00    16  12.0 .1232E+00 .4260E-01 .1524E-01 -.04 -.02 -.12 0.00 0.00 0.00                  
         -az/dp--step---se =az/dp==step===se -az/dp--step---se
          82/11 .0131 .373 346/30 -.102 1.06 191/58 -.082 .634                                                                       

 horizontal and vertical single variable standard deviations (68% - one degree of freedom; max 99 km)
       seh =   0.21             seh =   0.52             sez =   0.40   quality = a
       az  =  -102.             az  =   -12.

 se of orig =   0.06; # of iterations =   5; dmax =     200.00; sequence number =      
 event type = " "; processing status = " "
 s minus p interval for closest station =       2.27

    date    origin      lat      long    depth    mag no d1 gap d  rms    avwt   se
 20111010 1716 39.67 27n41.05  18w 3.14  13.69        16  5 222 1 0.2072  1.00  0.07
                     27.6841   18.0523
    seh  sez q sqd  adj in nr   avr  aar nm avxm mdxm sdxm nf avfm mdfm sdfm   vpvs
    0.5  0.4 c b d 0.00 19 16 0.000 .139  0            0.0  0            0.0  0.000

                      -- travel times and delays --
  stn c pha remk p p-sec s-sec resid  std-er   dist  azm ain    tc c vthk  ttob-ttcal-dlay-edly=resid rmk stn pha sources
 cmcl z        0    4242       -0.08    0.07    4.5   45 156       1       2.75  2.57      .257 -0.08    cmcl            
 cmcl z s    0           4469  -0.02    0.07             156       1       5.02  4.58      .458 -0.02    cmcl s  
 cjul z        0    4242       -0.20    0.07    5.9  330 150       1       2.75  2.65      .290 -0.20    cjul            
 cjul z s    0           4445  -0.46    0.07             150       1       4.78  4.72      .517 -0.46    cjul s  
 ccum z        0    4253        0.00    0.07    7.2   18 144       1       2.86  2.75      .106  0.00    ccum            
 ccum z s    0           4485   0.09    0.07             144       1       5.18  4.90      .188  0.09    ccum s  
 ctan z        0    4242       -0.10    0.07    7.8  359 141       1       2.75  2.80      .041 -0.10    ctan            
 ctan z s    0           4482   0.08    0.07             141       1       5.15  4.99      .073  0.08    ctan s  
 ctab z        0    4235       -0.17    0.07    7.9  336 140       1       2.68  2.82      .031 -0.17    ctab            
 ctab z s    0           4471  -0.03    0.07             140       1       5.04  5.01      .056 -0.03    ctab s  
 corc z        0    4266        0.05    0.07    9.1  284 136       1       2.99  2.92      .020  0.05    corc            
 corc z s    0           4545   0.55    0.07             136       1       5.78  5.19      .035  0.55    corc s  
 chie z        0    4268       -0.05    0.07   10.2   62 132       1       3.01  3.02      .037 -0.05    chie            
 chie z s    0           4522   0.10    0.07             132       1       5.55  5.38      .065  0.10    chie s  
 ctig z        0    4361        0.01    0.07   17.3   48 110       1       3.94  3.82      .107  0.01    ctig            
 ctig z s    0           4690   0.23    0.07             110       1       7.23  6.80      .191  0.23    ctig s  

                                     -- magnitude data --
  stn c source sys    c10   amx gr ink     amf    per   unit/mm  gnd mot u xmgc xmag  fmp fmag
 depth may decrease by       0.51 or increase by       0.48 given a reading 
 standard error of    0.070 and rms limit of   0.208


 detected end of file prior to final instruction record.
 check input data for completeness.
 jump back to main input stream.
                                              ----------------------------------------------------------------
                                              ----------------------------------------------------------------
                                              ----------------------------------------------------------------
 11/10/10    23:03        volcano network processing                               
 compute starting parameters from the first   8 p-arrival times.

                                                                                    ( adjustments )(adjst.  taken)
  i  lat long depth    rms   prms    damp     no   phi  --------eigenvalues--------- dlat dlon   dz dlat dlon   dz
      27   18
  1 43.5  3.2   0.0* 1.0968 1.0287 .10E-03    14  10.0 .1188E+01 .3618E+00 .1000E-03 -1.7 -.85 0.00 -1.7 -.85 0.00                  
  2 42.5  2.7   0.0* 1.0003 .96125 .10E-03    14  10.0 .1040E+01 .2156E+00 .1000E-03 -2.2 -.05 0.00 -2.2 -.05 0.00                  
  3 41.3  2.6   0.0* .90869 .79848 .10E-03    14  10.0 .7285E+00 .1334E+00 .1000E-03 -4.4 -.55 0.00 -4.4 -.55 0.00                  
  4 39.0  2.3   0.0* .72297 .61094 .10E-03    14  10.0 .3488E+00 .1242E+00 .1000E-03 -4.0 -.42 0.00 -4.0 -.42 0.00                  
 apply distance weighting
      27   18
  5 36.8  2.1   0.0* .59508 .59299 .10E-03    14  10.0 .2217E+00 .1183E+00 .1000E-03 -.39 -.24 0.00 -.39 -.24 0.00                  
  6 36.6  1.9   0.0* .59279 .59276 .10E-03    14  10.0 .2133E+00 .1178E+00 .1000E-03 -.02 -.04 0.00 -.02 -.04 0.00                  
  7 36.6  1.9   0.0* .59276 .59276 .10E-03    14  10.0 .2129E+00 .1177E+00 .1000E-03 0.00 -.01 0.00 0.00 -.01 0.00                  
  8 36.6  1.9   0.0* .59277 0.0000 .10E-01    14  10.0 .2129E+00 .1177E+00 .1000E-03                .002 .005 0.00                  
  9 36.6  1.9   0.0* .59276 .59276 .10E-01    14  10.0 .2228E+00 .1276E+00 .1000E-01 0.00 -.01 0.00 0.00 -.01 0.00                  
 apply truncation weighting
 10 36.6  1.9   0.0* .59277 0.0000 .13E+00    14  10.0 .2228E+00 .1276E+00 .1000E-01                .002 .005 0.00                  
 11 36.6  1.9   0.0* .59276 .59276 .13E+00    14  10.0 .3429E+00 .2477E+00 .1301E+00 0.00 0.00 0.00 0.00 0.00 0.00                  
 *** experiencing convergence problems, 
 12 36.6  1.9   0.0* .59276 0.0000 .13E+01    14  10.0 .3429E+00 .2477E+00 .1301E+00                .001 .003 0.00                  
 13 36.6  1.9   0.0* .59275 .59275 .13E+01    14  10.0 .1514E+01 .1419E+01 .1301E+01 0.00 0.00 0.00 0.00 0.00 0.00                  

                                                                                    ( adjustments )(adjst.  taken)
  i  lat long depth    rms   prms    damp     no   phi  --------eigenvalues--------- dlat dlon   dz dlat dlon   dz
      27   18
  1 43.5  3.2  15.0* .31238 .27583 .10E-03    14  10.0 .1002E+00 .1421E-01 .1000E-03 -4.5 -.56 0.00 -4.5 -.56 0.00                  
  2 41.0  2.9  15.0* .26771 .26703 .10E-03    14  10.0 .8987E-01 .1472E-01 .1000E-03 -.57 -.03 0.00 -.57 -.03 0.00                  
  3 40.7  2.8  15.0* .26669 .26668 .10E-03    14  10.0 .8781E-01 .1501E-01 .1000E-03 -.03 -.01 0.00 -.03 -.01 0.00                  
  4 40.7  2.8  15.0* .26667 .26667 .10E-03    14  10.0 .8771E-01 .1503E-01 .1000E-03 0.00 0.00 0.00 0.00 0.00 0.00                  
 apply distance weighting
      27   18
  5 40.7  2.8  15.0* .26667 .26667 .10E-03    14  10.0 .8771E-01 .1503E-01 .1000E-03 0.00 0.00 0.00 0.00 0.00 0.00                  

                                                                                    ( adjustments )(adjst.  taken)
  i  lat long depth    rms   prms    damp     no   phi  --------eigenvalues--------- dlat dlon   dz dlat dlon   dz
      27   18
  1 40.7  2.8  15.0  .26667 .26659 .10E-03    14  10.0 .9063E-01 .3211E-01 .1145E-01 -.08 -.04 -.15 -.08 -.04 -.15                  
  2 40.7  2.8  14.8  .26657 .26657 .10E-03    14  10.0 .9188E-01 .3213E-01 .1162E-01 -.01 0.00 -.03 -.01 0.00 -.03                  
  3 40.7  2.8  14.8  .26658 0.0000 .10E-01    14  10.0 .9188E-01 .3213E-01 .1162E-01                .009 .005 .030                  
  4 40.7  2.8  14.8  .26657 .26657 .10E-01    14  10.0 .1018E+00 .4203E-01 .2152E-01 0.00 0.00 -.02 0.00 0.00 -.02                  
 apply distance weighting
      27   18
  5 40.7  2.8  14.8  .26657 .26657 .10E-01    14  10.0 .1020E+00 .4203E-01 .2155E-01 0.00 0.00 -.01 0.00 0.00 -.01                  
  6 40.7  2.8  14.8  .26657 0.0000 .10E+00    14  10.0 .1020E+00 .4203E-01 .2155E-01                .003 .002 .009                  
  7 40.7  2.8  14.8  .26657 .26657 .10E+00    14  10.0 .1920E+00 .1320E+00 .1115E+00 0.00 0.00 0.00 0.00 0.00 0.00                  

                                                                                    ( adjustments )(adjst.  taken)
  i  lat long depth    rms   prms    damp     no   phi  --------eigenvalues--------- dlat dlon   dz dlat dlon   dz
      27   18
  1 36.6  1.9   2.0* .45935 .45494 .10E-03    14  10.0 .1153E+00 .7072E-01 .1000E-03 -.76 .256 0.00 -.76 .256 0.00                  
  2 36.2  2.0   2.0* .45559 .45558 .10E-03    14  10.0 .1077E+00 .7006E-01 .1000E-03 -.04 .005 0.00 -.04 .005 0.00                  
  3 36.2  2.0   2.0* .45563 0.0000 .10E-01    14  10.0 .1077E+00 .7006E-01 .1000E-03                .041 -.01 0.00                  
  4 36.2  2.0   2.0* .45560 .45560 .10E-01    14  10.0 .1176E+00 .7996E-01 .1000E-01 -.04 .005 0.00 -.04 .005 0.00                  
 apply distance weighting
      27   18
  5 36.2  2.0   2.0* .45562 .45562 .10E-01    14  10.0 .1173E+00 .7995E-01 .1000E-01 -.01 0.00 0.00 -.01 0.00 0.00                  
  6 36.2  2.0   2.0* .45563 0.0000 .10E+00    14  10.0 .1173E+00 .7995E-01 .1000E-01                .006 .001 0.00                  
  7 36.2  2.0   2.0* .45562 .45562 .10E+00    14  10.0 .2073E+00 .1699E+00 .1000E+00 0.00 0.00 0.00 0.00 0.00 0.00                  

                                                                                    ( adjustments )(adjst.  taken)
  i  lat long depth    rms   prms    damp     no   phi  --------eigenvalues--------- dlat dlon   dz dlat dlon   dz
      27   18
  1 36.2  2.0   2.0  .45562 .34938 .10E-03    14  10.0 .2336E+00 .9670E-01 .6976E-01 .480 -.69 2.39 .480 -.69 2.39                  
  2 36.4  1.6   4.4  .38153 .35037 .10E-03    14  10.0 .1053E+00 .4498E-01 .1353E-03 2.19 .600 47.3 .139 .038 3.00                  
  3 36.5  1.6   7.4  .36638 .25182 .10E-03    14  10.0 .1002E+00 .4509E-01 .2018E-02 7.32 1.57 20.5 1.07 .230 3.00                  
  4 37.1  1.8  10.4  .33711 .24683 .10E-03    14  10.0 .9530E-01 .4524E-01 .4895E-02 7.16 1.53 9.38 2.29 .490 3.00                  
 apply distance weighting
      27   18
  5 38.3  2.1  13.4  .29061 .26684 .10E-03    14  10.0 .8440E-01 .3200E-01 .9341E-02 3.27 .958 1.83 3.27 .958 1.83                  
  6 40.1  2.7  15.2  .26972 .26648 .10E-03    14  10.0 .8444E-01 .3199E-01 .1020E-01 .994 .242 -.26 .994 .242 -.26                  
  7 40.6  2.8  15.0  .26660 .26653 .10E-03    14  10.0 .9052E-01 .3210E-01 .1140E-01 .053 -.01 -.12 .053 -.01 -.12                  
  8 40.7  2.8  14.8  .26657 .26657 .10E-03    14  10.0 .9189E-01 .3213E-01 .1162E-01 .001 0.00 -.03 .001 0.00 -.03                  
  9 40.7  2.8  14.8  .26657 0.0000 .10E-01    14  10.0 .9189E-01 .3213E-01 .1162E-01                0.00 .002 .026                  
 apply truncation weighting
 10 40.7  2.8  14.8  .26657 .26657 .10E-01    14  10.0 .1018E+00 .4203E-01 .2152E-01 .003 0.00 -.02 .003 0.00 -.02                  
 11 40.7  2.8  14.8  .26657 0.0000 .10E+00    14  10.0 .1018E+00 .4203E-01 .2152E-01                0.00 .001 .019                  
 12 40.7  2.8  14.8  .26657 .26657 .10E+00    14  10.0 .1918E+00 .1320E+00 .1115E+00 .001 .000 -.01 .001 .000 -.01                  
 *** experiencing convergence problems, 
 13 40.7  2.8  14.8  .26657 0.0000 .10E+01    14  10.0 .1918E+00 .1320E+00 .1115E+00                0.00 0.00 .006                  
 14 40.7  2.8  14.8  .26657 .26657 .10E+01    14  10.0 .1092E+01 .1032E+01 .1012E+01 .000 .000 0.00 .000 .000 0.00                  
 14 40.7  2.8  14.8  .26657 .26657 .10E-03    14  10.0 .9179E-01 .3203E-01 .1152E-01 .001 0.00 -.03 0.00 0.00 0.00                  
         -az/dp--step---se =az/dp==step===se -az/dp--step---se
          83/12 .0032 .432 347/25 -.010 1.22 198/62 -.023 .731                                                                       

 horizontal and vertical single variable standard deviations (68% - one degree of freedom; max 99 km)
       seh =   0.24             seh =   0.61             sez =   0.44   quality = a
       az  =  -101.             az  =   -11.

 se of orig =   0.07; # of iterations =  14; dmax =     200.00; sequence number =      
 event type = " "; processing status = " "
 s minus p interval for closest station =       2.20

    date    origin      lat      long    depth    mag no d1 gap d  rms    avwt   se
 20111010 23 3 18.94 27n40.65  18w 2.81  14.84        14  5 230 1 0.2666  1.00  0.07
                     27.6775   18.0468
    seh  sez q sqd  adj in nr   avr  aar nm avxm mdxm sdxm nf avfm mdfm sdfm   vpvs
    0.6  0.4 c b d 0.01 10 16 .0000 .201  0            0.0  0            0.0  0.000

                      -- travel times and delays --
  stn c pha remk p p-sec s-sec resid  std-er   dist  azm ain    tc c vthk  ttob-ttcal-dlay-edly=resid rmk stn pha sources
 cmcl z        0    2186       -0.06    0.07    4.7   34 158       1       2.92  2.72      .258 -0.06    cmcl            
 cmcl z s    0           2406  -0.19    0.07             158       1       5.12  4.85      .459 -0.19    cmcl s  
 cjul z        0    2195       -0.13    0.07    6.8  329 149       1       3.01  2.85      .290 -0.13    cjul            
 cjul z s    0           2394  -0.59    0.07             149       1       5.00  5.07      .516 -0.59    cjul s  
 ccum z        0    2186       -0.11    0.07    7.7   12 145       1       2.92  2.92      .106 -0.11    ccum            
 ccum z s    0           2443   0.10    0.07             145       1       5.49  5.20      .189  0.10    ccum s  
 ctan z        0    2189       -0.08    0.07    8.5  355 142       1       2.95  2.99      .041 -0.08    ctan            
 ctan z s    0           2467   0.34    0.07             142       1       5.73  5.32      .074  0.34    ctan s  
 ctab z        0    2186       -0.12    0.07    8.8  335 141       1       2.92  3.01      .031 -0.12    ctab            
 ctab z s    0           2423  -0.13    0.07             141       1       5.29  5.36      .056 -0.13    ctab s  
 corc z        4              -22.06   -----    9.8  287 137       1     -18.94  3.10      .020-22.06    corc            
 corc z s    0           2507   0.58    0.07             137       1       6.13  5.51      .035  0.58    corc s  
 chie z        4              -22.10   -----   10.1   57 136       1     -18.94  3.12      .037-22.10    chie            
 chie z s    0           2484   0.27    0.07             136       1       5.90  5.56      .066  0.27    chie s  
 ctig z        0    2303        0.08    0.07   17.4   45 116       1       4.09  3.90      .109  0.08    ctig            
 ctig z s    0           2611   0.03    0.07             116       1       7.17  6.94      .194  0.03    ctig s  

                                     -- magnitude data --
  stn c source sys    c10   amx gr ink     amf    per   unit/mm  gnd mot u xmgc xmag  fmp fmag
 depth may decrease by       0.44 or increase by       0.44 given a reading 
 standard error of    0.070 and rms limit of   0.267
 xxxx this record skipped - out of place xxxx 
                                                                                                                     

 sound bell 
  completed reading input phase file
 average rms of all events =    0.22239
 average vp/vs ratio =       0.00 for    0 events.  standard deviation of ratio =       0.00

 ***** class/     a     b     c     d total *****

      number/   5.0   0.0   0.0   0.0   5.0

  percentage/ 100.0   0.0   0.0   0.0

   include only class d and better in the following statistics.

          ----------- p residuals --------------    ----------- s residuals -------------
           no event wting        event wting         no event wting        event wting
 station  n  wt  ave   sd     n   wt  ave   sd      n  wt   ave  sd     n   wt   ave  sd    station
   ccumz   4 1.0-0.092 0.077   4  9.5-0.079 0.074    4 1.0-0.037 0.159   4  9.5-0.024 0.159   ccum
   chiez   3 1.0-0.093 0.068   3  9.3-0.081 0.062    4 1.0 0.093 0.123   4  9.5 0.100 0.123   chie
   cjulz   5 1.0-0.126 0.086   5  8.2-0.136 0.083    5 1.0-0.158 0.315   5  8.2-0.234 0.323   cjul
   cmclz   4 1.0 0.052 0.158   4  8.5 0.039 0.168    5 1.0 0.062 0.314   5  8.2 0.075 0.326   cmcl
   corcz   1 1.0 0.049 0.000   1 12.0 0.049 0.000    3 1.0 0.606 0.061   3  9.7 0.594 0.057   corc
   crstz   1 1.0-0.166 0.000   1  9.0-0.166 0.000    1 1.0-0.052 0.000   1  9.0-0.052 0.000   crst
   ctabz   3 1.0-0.097 0.074   3  8.3-0.131 0.055    5 1.0-0.188 0.172   5  8.2-0.178 0.164   ctab
   ctanz   3 1.0-0.069 0.028   3 10.3-0.072 0.027    4 1.0 0.055 0.224   4  9.5 0.063 0.223   ctan
   ctigz   2 1.0 0.044 0.035   2 11.0 0.041 0.035    4 1.0 0.201 0.204   4  8.0 0.213 0.187   ctig

           s-p residuals        x-mag res       f-mag res
 station  n  wt  ave   sd     n  ave   sd     n  ave   sd
 irelo =  0 nreloc =  0
